<?xml version="1.0" encoding="UTF-8"?>
<testsuite name="vistana.challenge.controller.LoginControllerTest" tests="5" skipped="0" failures="0" errors="0" timestamp="2018-04-24T14:59:17" hostname="W7-PC0M6N1V" time="1.358">
  <properties/>
  <testcase name="resetAccount" classname="vistana.challenge.controller.LoginControllerTest" time="0.852"/>
  <testcase name="loginPost" classname="vistana.challenge.controller.LoginControllerTest" time="0.186"/>
  <testcase name="logout" classname="vistana.challenge.controller.LoginControllerTest" time="0.073"/>
  <testcase name="loginRequestQnsPost" classname="vistana.challenge.controller.LoginControllerTest" time="0.069"/>
  <testcase name="login" classname="vistana.challenge.controller.LoginControllerTest" time="0.142"/>
  <system-out><![CDATA[2018-04-24 10:59:18 DEBUG StandardEnvironment:112 - Initializing new StandardEnvironment
2018-04-24 10:59:18 DEBUG StandardEnvironment:110 - Adding [systemProperties] PropertySource with lowest search precedence
2018-04-24 10:59:18 DEBUG StandardEnvironment:110 - Adding [systemEnvironment] PropertySource with lowest search precedence
2018-04-24 10:59:18 DEBUG StandardEnvironment:116 - Initialized StandardEnvironment with PropertySources [systemProperties,systemEnvironment]
2018-04-24 10:59:18 INFO  StandaloneMockMvcBuilder$StaticRequestMappingHandlerMapping:181 - Mapped "{[/login],methods=[GET],params=[],headers=[],consumes=[],produces=[],custom=[]}" onto public java.lang.String vistana.challenge.controller.LoginController.login(vistana.challenge.domain.SystemUser)
2018-04-24 10:59:18 INFO  StandaloneMockMvcBuilder$StaticRequestMappingHandlerMapping:181 - Mapped "{[/logout],methods=[GET],params=[],headers=[],consumes=[],produces=[],custom=[]}" onto public java.lang.String vistana.challenge.controller.LoginController.logout(javax.servlet.http.HttpSession)
2018-04-24 10:59:18 INFO  StandaloneMockMvcBuilder$StaticRequestMappingHandlerMapping:181 - Mapped "{[/reset-account],methods=[GET],params=[],headers=[],consumes=[],produces=[],custom=[]}" onto public java.lang.String vistana.challenge.controller.LoginController.resetAccount(org.springframework.web.bind.support.SessionStatus)
2018-04-24 10:59:18 INFO  StandaloneMockMvcBuilder$StaticRequestMappingHandlerMapping:181 - Mapped "{[/login-qns],methods=[GET],params=[],headers=[],consumes=[],produces=[],custom=[]}" onto public java.lang.String vistana.challenge.controller.LoginController.loginRequestQnsGET(javax.servlet.http.HttpSession,org.springframework.ui.Model,org.springframework.web.context.request.WebRequest)
2018-04-24 10:59:18 INFO  StandaloneMockMvcBuilder$StaticRequestMappingHandlerMapping:181 - Mapped "{[/login-qns],methods=[POST],params=[],headers=[],consumes=[],produces=[],custom=[]}" onto public java.lang.String vistana.challenge.controller.LoginController.loginRequestQns(javax.servlet.http.HttpSession,org.springframework.ui.Model,org.springframework.web.context.request.WebRequest)
2018-04-24 10:59:18 INFO  StandaloneMockMvcBuilder$StaticRequestMappingHandlerMapping:181 - Mapped "{[/login],methods=[POST],params=[],headers=[],consumes=[],produces=[],custom=[]}" onto public java.lang.String vistana.challenge.controller.LoginController.loginRequest(javax.servlet.http.HttpSession,org.springframework.ui.Model,org.springframework.web.context.request.WebRequest)
2018-04-24 10:59:18 DEBUG RequestMappingHandlerAdapter:621 - Looking for controller advice: org.springframework.test.web.servlet.setup.StubWebApplicationContext@78d47b77
2018-04-24 10:59:18 DEBUG TestDispatcherServlet:118 - Initializing servlet ''
2018-04-24 10:59:18 DEBUG StandardServletEnvironment:112 - Initializing new StandardServletEnvironment
2018-04-24 10:59:18 DEBUG StandardServletEnvironment:110 - Adding [servletConfigInitParams] PropertySource with lowest search precedence
2018-04-24 10:59:18 DEBUG StandardServletEnvironment:110 - Adding [servletContextInitParams] PropertySource with lowest search precedence
2018-04-24 10:59:18 DEBUG StandardServletEnvironment:110 - Adding [jndiProperties] PropertySource with lowest search precedence
2018-04-24 10:59:18 DEBUG StandardServletEnvironment:110 - Adding [systemProperties] PropertySource with lowest search precedence
2018-04-24 10:59:18 DEBUG StandardServletEnvironment:110 - Adding [systemEnvironment] PropertySource with lowest search precedence
2018-04-24 10:59:18 DEBUG StandardServletEnvironment:116 - Initialized StandardServletEnvironment with PropertySources [servletConfigInitParams,servletContextInitParams,jndiProperties,systemProperties,systemEnvironment]
2018-04-24 10:59:18 INFO  MockServletContext:390 - Initializing Spring FrameworkServlet ''
2018-04-24 10:59:18 INFO  TestDispatcherServlet:461 - FrameworkServlet '': initialization started
2018-04-24 10:59:18 DEBUG TestDispatcherServlet:487 - Unable to locate MultipartResolver with name 'multipartResolver': no multipart request handling provided
2018-04-24 10:59:18 DEBUG TestDispatcherServlet:502 - Using LocaleResolver [org.springframework.web.servlet.i18n.AcceptHeaderLocaleResolver@36e944c9]
2018-04-24 10:59:18 DEBUG TestDispatcherServlet:524 - Using ThemeResolver [org.springframework.web.servlet.theme.FixedThemeResolver@7032b704]
2018-04-24 10:59:18 DEBUG TestDispatcherServlet:662 - Using RequestToViewNameTranslator [org.springframework.web.servlet.view.DefaultRequestToViewNameTranslator@78c736bb]
2018-04-24 10:59:18 DEBUG TestDispatcherServlet:724 - Using FlashMapManager [org.springframework.web.servlet.support.SessionFlashMapManager@24389101]
2018-04-24 10:59:18 DEBUG TestDispatcherServlet:540 - Published WebApplicationContext of servlet '' as ServletContext attribute with name [org.springframework.web.servlet.FrameworkServlet.CONTEXT.]
2018-04-24 10:59:18 INFO  TestDispatcherServlet:480 - FrameworkServlet '': initialization completed in 10 ms
2018-04-24 10:59:18 DEBUG TestDispatcherServlet:139 - Servlet '' configured successfully
2018-04-24 10:59:18 DEBUG TestDispatcherServlet:843 - DispatcherServlet with name '' processing GET request for [/reset-account]
2018-04-24 10:59:18 DEBUG StandaloneMockMvcBuilder$StaticRequestMappingHandlerMapping:222 - Looking up handler method for path /reset-account
2018-04-24 10:59:18 DEBUG StandaloneMockMvcBuilder$StaticRequestMappingHandlerMapping:229 - Returning handler method [public java.lang.String vistana.challenge.controller.LoginController.resetAccount(org.springframework.web.bind.support.SessionStatus)]
2018-04-24 10:59:18 DEBUG TestDispatcherServlet:932 - Last-Modified value for [/reset-account] is: -1
2018-04-24 10:59:18 DEBUG TestDispatcherServlet:1222 - Rendering view [org.springframework.web.servlet.view.JstlView: unnamed; URL [index]] in DispatcherServlet with name ''
2018-04-24 10:59:18 DEBUG JstlView:207 - Forwarding to resource [index] in InternalResourceView 'null'
2018-04-24 10:59:18 DEBUG MockRequestDispatcher:66 - MockRequestDispatcher: forwarding to [index]
2018-04-24 10:59:18 DEBUG TestDispatcherServlet:961 - Successfully completed request
2018-04-24 10:59:18 DEBUG StandardEnvironment:112 - Initializing new StandardEnvironment
2018-04-24 10:59:18 DEBUG StandardEnvironment:110 - Adding [systemProperties] PropertySource with lowest search precedence
2018-04-24 10:59:18 DEBUG StandardEnvironment:110 - Adding [systemEnvironment] PropertySource with lowest search precedence
2018-04-24 10:59:18 DEBUG StandardEnvironment:116 - Initialized StandardEnvironment with PropertySources [systemProperties,systemEnvironment]
2018-04-24 10:59:18 INFO  StandaloneMockMvcBuilder$StaticRequestMappingHandlerMapping:181 - Mapped "{[/login],methods=[GET],params=[],headers=[],consumes=[],produces=[],custom=[]}" onto public java.lang.String vistana.challenge.controller.LoginController.login(vistana.challenge.domain.SystemUser)
2018-04-24 10:59:18 INFO  StandaloneMockMvcBuilder$StaticRequestMappingHandlerMapping:181 - Mapped "{[/logout],methods=[GET],params=[],headers=[],consumes=[],produces=[],custom=[]}" onto public java.lang.String vistana.challenge.controller.LoginController.logout(javax.servlet.http.HttpSession)
2018-04-24 10:59:18 INFO  StandaloneMockMvcBuilder$StaticRequestMappingHandlerMapping:181 - Mapped "{[/reset-account],methods=[GET],params=[],headers=[],consumes=[],produces=[],custom=[]}" onto public java.lang.String vistana.challenge.controller.LoginController.resetAccount(org.springframework.web.bind.support.SessionStatus)
2018-04-24 10:59:18 INFO  StandaloneMockMvcBuilder$StaticRequestMappingHandlerMapping:181 - Mapped "{[/login-qns],methods=[GET],params=[],headers=[],consumes=[],produces=[],custom=[]}" onto public java.lang.String vistana.challenge.controller.LoginController.loginRequestQnsGET(javax.servlet.http.HttpSession,org.springframework.ui.Model,org.springframework.web.context.request.WebRequest)
2018-04-24 10:59:18 INFO  StandaloneMockMvcBuilder$StaticRequestMappingHandlerMapping:181 - Mapped "{[/login-qns],methods=[POST],params=[],headers=[],consumes=[],produces=[],custom=[]}" onto public java.lang.String vistana.challenge.controller.LoginController.loginRequestQns(javax.servlet.http.HttpSession,org.springframework.ui.Model,org.springframework.web.context.request.WebRequest)
2018-04-24 10:59:18 INFO  StandaloneMockMvcBuilder$StaticRequestMappingHandlerMapping:181 - Mapped "{[/login],methods=[POST],params=[],headers=[],consumes=[],produces=[],custom=[]}" onto public java.lang.String vistana.challenge.controller.LoginController.loginRequest(javax.servlet.http.HttpSession,org.springframework.ui.Model,org.springframework.web.context.request.WebRequest)
2018-04-24 10:59:18 DEBUG RequestMappingHandlerAdapter:621 - Looking for controller advice: org.springframework.test.web.servlet.setup.StubWebApplicationContext@2f9ffff
2018-04-24 10:59:18 DEBUG TestDispatcherServlet:118 - Initializing servlet ''
2018-04-24 10:59:18 DEBUG StandardServletEnvironment:112 - Initializing new StandardServletEnvironment
2018-04-24 10:59:18 DEBUG StandardServletEnvironment:110 - Adding [servletConfigInitParams] PropertySource with lowest search precedence
2018-04-24 10:59:18 DEBUG StandardServletEnvironment:110 - Adding [servletContextInitParams] PropertySource with lowest search precedence
2018-04-24 10:59:18 DEBUG StandardServletEnvironment:110 - Adding [jndiProperties] PropertySource with lowest search precedence
2018-04-24 10:59:18 DEBUG StandardServletEnvironment:110 - Adding [systemProperties] PropertySource with lowest search precedence
2018-04-24 10:59:18 DEBUG StandardServletEnvironment:110 - Adding [systemEnvironment] PropertySource with lowest search precedence
2018-04-24 10:59:18 DEBUG StandardServletEnvironment:116 - Initialized StandardServletEnvironment with PropertySources [servletConfigInitParams,servletContextInitParams,jndiProperties,systemProperties,systemEnvironment]
2018-04-24 10:59:18 INFO  MockServletContext:390 - Initializing Spring FrameworkServlet ''
2018-04-24 10:59:18 INFO  TestDispatcherServlet:461 - FrameworkServlet '': initialization started
2018-04-24 10:59:18 DEBUG TestDispatcherServlet:487 - Unable to locate MultipartResolver with name 'multipartResolver': no multipart request handling provided
2018-04-24 10:59:19 DEBUG TestDispatcherServlet:502 - Using LocaleResolver [org.springframework.web.servlet.i18n.AcceptHeaderLocaleResolver@2e420177]
2018-04-24 10:59:19 DEBUG TestDispatcherServlet:524 - Using ThemeResolver [org.springframework.web.servlet.theme.FixedThemeResolver@7427efba]
2018-04-24 10:59:19 DEBUG TestDispatcherServlet:662 - Using RequestToViewNameTranslator [org.springframework.web.servlet.view.DefaultRequestToViewNameTranslator@6d0b194a]
2018-04-24 10:59:19 DEBUG TestDispatcherServlet:724 - Using FlashMapManager [org.springframework.web.servlet.support.SessionFlashMapManager@61afb386]
2018-04-24 10:59:19 DEBUG TestDispatcherServlet:540 - Published WebApplicationContext of servlet '' as ServletContext attribute with name [org.springframework.web.servlet.FrameworkServlet.CONTEXT.]
2018-04-24 10:59:19 INFO  TestDispatcherServlet:480 - FrameworkServlet '': initialization completed in 49 ms
2018-04-24 10:59:19 DEBUG TestDispatcherServlet:139 - Servlet '' configured successfully
2018-04-24 10:59:19 DEBUG TestDispatcherServlet:843 - DispatcherServlet with name '' processing POST request for [/login]
2018-04-24 10:59:19 DEBUG StandaloneMockMvcBuilder$StaticRequestMappingHandlerMapping:222 - Looking up handler method for path /login
2018-04-24 10:59:19 DEBUG StandaloneMockMvcBuilder$StaticRequestMappingHandlerMapping:229 - Returning handler method [public java.lang.String vistana.challenge.controller.LoginController.loginRequest(javax.servlet.http.HttpSession,org.springframework.ui.Model,org.springframework.web.context.request.WebRequest)]
2018-04-24 10:59:19 DEBUG RequestResponseBodyMethodProcessor:150 - Written [no] as "text/plain;charset=ISO-8859-1" using [org.springframework.http.converter.StringHttpMessageConverter@79b013b8]
2018-04-24 10:59:19 DEBUG TestDispatcherServlet:1019 - Null ModelAndView returned to DispatcherServlet with name '': assuming HandlerAdapter completed request handling
2018-04-24 10:59:19 DEBUG TestDispatcherServlet:961 - Successfully completed request
2018-04-24 10:59:19 DEBUG StandardEnvironment:112 - Initializing new StandardEnvironment
2018-04-24 10:59:19 DEBUG StandardEnvironment:110 - Adding [systemProperties] PropertySource with lowest search precedence
2018-04-24 10:59:19 DEBUG StandardEnvironment:110 - Adding [systemEnvironment] PropertySource with lowest search precedence
2018-04-24 10:59:19 DEBUG StandardEnvironment:116 - Initialized StandardEnvironment with PropertySources [systemProperties,systemEnvironment]
2018-04-24 10:59:19 INFO  StandaloneMockMvcBuilder$StaticRequestMappingHandlerMapping:181 - Mapped "{[/login],methods=[GET],params=[],headers=[],consumes=[],produces=[],custom=[]}" onto public java.lang.String vistana.challenge.controller.LoginController.login(vistana.challenge.domain.SystemUser)
2018-04-24 10:59:19 INFO  StandaloneMockMvcBuilder$StaticRequestMappingHandlerMapping:181 - Mapped "{[/logout],methods=[GET],params=[],headers=[],consumes=[],produces=[],custom=[]}" onto public java.lang.String vistana.challenge.controller.LoginController.logout(javax.servlet.http.HttpSession)
2018-04-24 10:59:19 INFO  StandaloneMockMvcBuilder$StaticRequestMappingHandlerMapping:181 - Mapped "{[/reset-account],methods=[GET],params=[],headers=[],consumes=[],produces=[],custom=[]}" onto public java.lang.String vistana.challenge.controller.LoginController.resetAccount(org.springframework.web.bind.support.SessionStatus)
2018-04-24 10:59:19 INFO  StandaloneMockMvcBuilder$StaticRequestMappingHandlerMapping:181 - Mapped "{[/login-qns],methods=[GET],params=[],headers=[],consumes=[],produces=[],custom=[]}" onto public java.lang.String vistana.challenge.controller.LoginController.loginRequestQnsGET(javax.servlet.http.HttpSession,org.springframework.ui.Model,org.springframework.web.context.request.WebRequest)
2018-04-24 10:59:19 INFO  StandaloneMockMvcBuilder$StaticRequestMappingHandlerMapping:181 - Mapped "{[/login-qns],methods=[POST],params=[],headers=[],consumes=[],produces=[],custom=[]}" onto public java.lang.String vistana.challenge.controller.LoginController.loginRequestQns(javax.servlet.http.HttpSession,org.springframework.ui.Model,org.springframework.web.context.request.WebRequest)
2018-04-24 10:59:19 INFO  StandaloneMockMvcBuilder$StaticRequestMappingHandlerMapping:181 - Mapped "{[/login],methods=[POST],params=[],headers=[],consumes=[],produces=[],custom=[]}" onto public java.lang.String vistana.challenge.controller.LoginController.loginRequest(javax.servlet.http.HttpSession,org.springframework.ui.Model,org.springframework.web.context.request.WebRequest)
2018-04-24 10:59:19 DEBUG RequestMappingHandlerAdapter:621 - Looking for controller advice: org.springframework.test.web.servlet.setup.StubWebApplicationContext@43cfbe11
2018-04-24 10:59:19 DEBUG TestDispatcherServlet:118 - Initializing servlet ''
2018-04-24 10:59:19 DEBUG StandardServletEnvironment:112 - Initializing new StandardServletEnvironment
2018-04-24 10:59:19 DEBUG StandardServletEnvironment:110 - Adding [servletConfigInitParams] PropertySource with lowest search precedence
2018-04-24 10:59:19 DEBUG StandardServletEnvironment:110 - Adding [servletContextInitParams] PropertySource with lowest search precedence
2018-04-24 10:59:19 DEBUG StandardServletEnvironment:110 - Adding [jndiProperties] PropertySource with lowest search precedence
2018-04-24 10:59:19 DEBUG StandardServletEnvironment:110 - Adding [systemProperties] PropertySource with lowest search precedence
2018-04-24 10:59:19 DEBUG StandardServletEnvironment:110 - Adding [systemEnvironment] PropertySource with lowest search precedence
2018-04-24 10:59:19 DEBUG StandardServletEnvironment:116 - Initialized StandardServletEnvironment with PropertySources [servletConfigInitParams,servletContextInitParams,jndiProperties,systemProperties,systemEnvironment]
2018-04-24 10:59:19 INFO  MockServletContext:390 - Initializing Spring FrameworkServlet ''
2018-04-24 10:59:19 INFO  TestDispatcherServlet:461 - FrameworkServlet '': initialization started
2018-04-24 10:59:19 DEBUG TestDispatcherServlet:487 - Unable to locate MultipartResolver with name 'multipartResolver': no multipart request handling provided
2018-04-24 10:59:19 DEBUG TestDispatcherServlet:502 - Using LocaleResolver [org.springframework.web.servlet.i18n.AcceptHeaderLocaleResolver@2b8d4a29]
2018-04-24 10:59:19 DEBUG TestDispatcherServlet:524 - Using ThemeResolver [org.springframework.web.servlet.theme.FixedThemeResolver@150c467f]
2018-04-24 10:59:19 DEBUG TestDispatcherServlet:662 - Using RequestToViewNameTranslator [org.springframework.web.servlet.view.DefaultRequestToViewNameTranslator@355eb559]
2018-04-24 10:59:19 DEBUG TestDispatcherServlet:724 - Using FlashMapManager [org.springframework.web.servlet.support.SessionFlashMapManager@2a686c1d]
2018-04-24 10:59:19 DEBUG TestDispatcherServlet:540 - Published WebApplicationContext of servlet '' as ServletContext attribute with name [org.springframework.web.servlet.FrameworkServlet.CONTEXT.]
2018-04-24 10:59:19 INFO  TestDispatcherServlet:480 - FrameworkServlet '': initialization completed in 3 ms
2018-04-24 10:59:19 DEBUG TestDispatcherServlet:139 - Servlet '' configured successfully
2018-04-24 10:59:19 DEBUG TestDispatcherServlet:843 - DispatcherServlet with name '' processing GET request for [/logout]
2018-04-24 10:59:19 DEBUG StandaloneMockMvcBuilder$StaticRequestMappingHandlerMapping:222 - Looking up handler method for path /logout
2018-04-24 10:59:19 DEBUG StandaloneMockMvcBuilder$StaticRequestMappingHandlerMapping:229 - Returning handler method [public java.lang.String vistana.challenge.controller.LoginController.logout(javax.servlet.http.HttpSession)]
2018-04-24 10:59:19 DEBUG TestDispatcherServlet:932 - Last-Modified value for [/logout] is: -1
2018-04-24 10:59:19 DEBUG TestDispatcherServlet:1222 - Rendering view [org.springframework.web.servlet.view.JstlView: unnamed; URL [index]] in DispatcherServlet with name ''
2018-04-24 10:59:19 DEBUG JstlView:207 - Forwarding to resource [index] in InternalResourceView 'null'
2018-04-24 10:59:19 DEBUG MockRequestDispatcher:66 - MockRequestDispatcher: forwarding to [index]
2018-04-24 10:59:19 DEBUG TestDispatcherServlet:961 - Successfully completed request
2018-04-24 10:59:19 DEBUG StandardEnvironment:112 - Initializing new StandardEnvironment
2018-04-24 10:59:19 DEBUG StandardEnvironment:110 - Adding [systemProperties] PropertySource with lowest search precedence
2018-04-24 10:59:19 DEBUG StandardEnvironment:110 - Adding [systemEnvironment] PropertySource with lowest search precedence
2018-04-24 10:59:19 DEBUG StandardEnvironment:116 - Initialized StandardEnvironment with PropertySources [systemProperties,systemEnvironment]
2018-04-24 10:59:19 INFO  StandaloneMockMvcBuilder$StaticRequestMappingHandlerMapping:181 - Mapped "{[/login],methods=[GET],params=[],headers=[],consumes=[],produces=[],custom=[]}" onto public java.lang.String vistana.challenge.controller.LoginController.login(vistana.challenge.domain.SystemUser)
2018-04-24 10:59:19 INFO  StandaloneMockMvcBuilder$StaticRequestMappingHandlerMapping:181 - Mapped "{[/logout],methods=[GET],params=[],headers=[],consumes=[],produces=[],custom=[]}" onto public java.lang.String vistana.challenge.controller.LoginController.logout(javax.servlet.http.HttpSession)
2018-04-24 10:59:19 INFO  StandaloneMockMvcBuilder$StaticRequestMappingHandlerMapping:181 - Mapped "{[/reset-account],methods=[GET],params=[],headers=[],consumes=[],produces=[],custom=[]}" onto public java.lang.String vistana.challenge.controller.LoginController.resetAccount(org.springframework.web.bind.support.SessionStatus)
2018-04-24 10:59:19 INFO  StandaloneMockMvcBuilder$StaticRequestMappingHandlerMapping:181 - Mapped "{[/login-qns],methods=[GET],params=[],headers=[],consumes=[],produces=[],custom=[]}" onto public java.lang.String vistana.challenge.controller.LoginController.loginRequestQnsGET(javax.servlet.http.HttpSession,org.springframework.ui.Model,org.springframework.web.context.request.WebRequest)
2018-04-24 10:59:19 INFO  StandaloneMockMvcBuilder$StaticRequestMappingHandlerMapping:181 - Mapped "{[/login-qns],methods=[POST],params=[],headers=[],consumes=[],produces=[],custom=[]}" onto public java.lang.String vistana.challenge.controller.LoginController.loginRequestQns(javax.servlet.http.HttpSession,org.springframework.ui.Model,org.springframework.web.context.request.WebRequest)
2018-04-24 10:59:19 INFO  StandaloneMockMvcBuilder$StaticRequestMappingHandlerMapping:181 - Mapped "{[/login],methods=[POST],params=[],headers=[],consumes=[],produces=[],custom=[]}" onto public java.lang.String vistana.challenge.controller.LoginController.loginRequest(javax.servlet.http.HttpSession,org.springframework.ui.Model,org.springframework.web.context.request.WebRequest)
2018-04-24 10:59:19 DEBUG RequestMappingHandlerAdapter:621 - Looking for controller advice: org.springframework.test.web.servlet.setup.StubWebApplicationContext@6bf5a77b
2018-04-24 10:59:19 DEBUG TestDispatcherServlet:118 - Initializing servlet ''
2018-04-24 10:59:19 DEBUG StandardServletEnvironment:112 - Initializing new StandardServletEnvironment
2018-04-24 10:59:19 DEBUG StandardServletEnvironment:110 - Adding [servletConfigInitParams] PropertySource with lowest search precedence
2018-04-24 10:59:19 DEBUG StandardServletEnvironment:110 - Adding [servletContextInitParams] PropertySource with lowest search precedence
2018-04-24 10:59:19 DEBUG StandardServletEnvironment:110 - Adding [jndiProperties] PropertySource with lowest search precedence
2018-04-24 10:59:19 DEBUG StandardServletEnvironment:110 - Adding [systemProperties] PropertySource with lowest search precedence
2018-04-24 10:59:19 DEBUG StandardServletEnvironment:110 - Adding [systemEnvironment] PropertySource with lowest search precedence
2018-04-24 10:59:19 DEBUG StandardServletEnvironment:116 - Initialized StandardServletEnvironment with PropertySources [servletConfigInitParams,servletContextInitParams,jndiProperties,systemProperties,systemEnvironment]
2018-04-24 10:59:19 INFO  MockServletContext:390 - Initializing Spring FrameworkServlet ''
2018-04-24 10:59:19 INFO  TestDispatcherServlet:461 - FrameworkServlet '': initialization started
2018-04-24 10:59:19 DEBUG TestDispatcherServlet:487 - Unable to locate MultipartResolver with name 'multipartResolver': no multipart request handling provided
2018-04-24 10:59:19 DEBUG TestDispatcherServlet:502 - Using LocaleResolver [org.springframework.web.servlet.i18n.AcceptHeaderLocaleResolver@3568366f]
2018-04-24 10:59:19 DEBUG TestDispatcherServlet:524 - Using ThemeResolver [org.springframework.web.servlet.theme.FixedThemeResolver@73e091c6]
2018-04-24 10:59:19 DEBUG TestDispatcherServlet:662 - Using RequestToViewNameTranslator [org.springframework.web.servlet.view.DefaultRequestToViewNameTranslator@6f67765]
2018-04-24 10:59:19 DEBUG TestDispatcherServlet:724 - Using FlashMapManager [org.springframework.web.servlet.support.SessionFlashMapManager@17e5fc55]
2018-04-24 10:59:19 DEBUG TestDispatcherServlet:540 - Published WebApplicationContext of servlet '' as ServletContext attribute with name [org.springframework.web.servlet.FrameworkServlet.CONTEXT.]
2018-04-24 10:59:19 INFO  TestDispatcherServlet:480 - FrameworkServlet '': initialization completed in 3 ms
2018-04-24 10:59:19 DEBUG TestDispatcherServlet:139 - Servlet '' configured successfully
2018-04-24 10:59:19 DEBUG TestDispatcherServlet:843 - DispatcherServlet with name '' processing POST request for [/login-qns]
2018-04-24 10:59:19 DEBUG StandaloneMockMvcBuilder$StaticRequestMappingHandlerMapping:222 - Looking up handler method for path /login-qns
2018-04-24 10:59:19 DEBUG StandaloneMockMvcBuilder$StaticRequestMappingHandlerMapping:229 - Returning handler method [public java.lang.String vistana.challenge.controller.LoginController.loginRequestQns(javax.servlet.http.HttpSession,org.springframework.ui.Model,org.springframework.web.context.request.WebRequest)]
2018-04-24 10:59:19 DEBUG TestDispatcherServlet:1222 - Rendering view [org.springframework.web.servlet.view.JstlView: unnamed; URL [login]] in DispatcherServlet with name ''
2018-04-24 10:59:19 DEBUG JstlView:376 - Added model object 'message' of type [java.lang.String] to request in view with name 'null'
2018-04-24 10:59:19 DEBUG JstlView:207 - Forwarding to resource [login] in InternalResourceView 'null'
2018-04-24 10:59:19 DEBUG MockRequestDispatcher:66 - MockRequestDispatcher: forwarding to [login]
2018-04-24 10:59:19 DEBUG TestDispatcherServlet:961 - Successfully completed request
2018-04-24 10:59:19 DEBUG StandardEnvironment:112 - Initializing new StandardEnvironment
2018-04-24 10:59:19 DEBUG StandardEnvironment:110 - Adding [systemProperties] PropertySource with lowest search precedence
2018-04-24 10:59:19 DEBUG StandardEnvironment:110 - Adding [systemEnvironment] PropertySource with lowest search precedence
2018-04-24 10:59:19 DEBUG StandardEnvironment:116 - Initialized StandardEnvironment with PropertySources [systemProperties,systemEnvironment]
2018-04-24 10:59:19 INFO  StandaloneMockMvcBuilder$StaticRequestMappingHandlerMapping:181 - Mapped "{[/login],methods=[GET],params=[],headers=[],consumes=[],produces=[],custom=[]}" onto public java.lang.String vistana.challenge.controller.LoginController.login(vistana.challenge.domain.SystemUser)
2018-04-24 10:59:19 INFO  StandaloneMockMvcBuilder$StaticRequestMappingHandlerMapping:181 - Mapped "{[/logout],methods=[GET],params=[],headers=[],consumes=[],produces=[],custom=[]}" onto public java.lang.String vistana.challenge.controller.LoginController.logout(javax.servlet.http.HttpSession)
2018-04-24 10:59:19 INFO  StandaloneMockMvcBuilder$StaticRequestMappingHandlerMapping:181 - Mapped "{[/reset-account],methods=[GET],params=[],headers=[],consumes=[],produces=[],custom=[]}" onto public java.lang.String vistana.challenge.controller.LoginController.resetAccount(org.springframework.web.bind.support.SessionStatus)
2018-04-24 10:59:19 INFO  StandaloneMockMvcBuilder$StaticRequestMappingHandlerMapping:181 - Mapped "{[/login-qns],methods=[GET],params=[],headers=[],consumes=[],produces=[],custom=[]}" onto public java.lang.String vistana.challenge.controller.LoginController.loginRequestQnsGET(javax.servlet.http.HttpSession,org.springframework.ui.Model,org.springframework.web.context.request.WebRequest)
2018-04-24 10:59:19 INFO  StandaloneMockMvcBuilder$StaticRequestMappingHandlerMapping:181 - Mapped "{[/login-qns],methods=[POST],params=[],headers=[],consumes=[],produces=[],custom=[]}" onto public java.lang.String vistana.challenge.controller.LoginController.loginRequestQns(javax.servlet.http.HttpSession,org.springframework.ui.Model,org.springframework.web.context.request.WebRequest)
2018-04-24 10:59:19 INFO  StandaloneMockMvcBuilder$StaticRequestMappingHandlerMapping:181 - Mapped "{[/login],methods=[POST],params=[],headers=[],consumes=[],produces=[],custom=[]}" onto public java.lang.String vistana.challenge.controller.LoginController.loginRequest(javax.servlet.http.HttpSession,org.springframework.ui.Model,org.springframework.web.context.request.WebRequest)
2018-04-24 10:59:19 DEBUG RequestMappingHandlerAdapter:621 - Looking for controller advice: org.springframework.test.web.servlet.setup.StubWebApplicationContext@63ca6b88
2018-04-24 10:59:19 DEBUG TestDispatcherServlet:118 - Initializing servlet ''
2018-04-24 10:59:19 DEBUG StandardServletEnvironment:112 - Initializing new StandardServletEnvironment
2018-04-24 10:59:19 DEBUG StandardServletEnvironment:110 - Adding [servletConfigInitParams] PropertySource with lowest search precedence
2018-04-24 10:59:19 DEBUG StandardServletEnvironment:110 - Adding [servletContextInitParams] PropertySource with lowest search precedence
2018-04-24 10:59:19 DEBUG StandardServletEnvironment:110 - Adding [jndiProperties] PropertySource with lowest search precedence
2018-04-24 10:59:19 DEBUG StandardServletEnvironment:110 - Adding [systemProperties] PropertySource with lowest search precedence
2018-04-24 10:59:19 DEBUG StandardServletEnvironment:110 - Adding [systemEnvironment] PropertySource with lowest search precedence
2018-04-24 10:59:19 DEBUG StandardServletEnvironment:116 - Initialized StandardServletEnvironment with PropertySources [servletConfigInitParams,servletContextInitParams,jndiProperties,systemProperties,systemEnvironment]
2018-04-24 10:59:19 INFO  MockServletContext:390 - Initializing Spring FrameworkServlet ''
2018-04-24 10:59:19 INFO  TestDispatcherServlet:461 - FrameworkServlet '': initialization started
2018-04-24 10:59:19 DEBUG TestDispatcherServlet:487 - Unable to locate MultipartResolver with name 'multipartResolver': no multipart request handling provided
2018-04-24 10:59:19 DEBUG TestDispatcherServlet:502 - Using LocaleResolver [org.springframework.web.servlet.i18n.AcceptHeaderLocaleResolver@1994ef12]
2018-04-24 10:59:19 DEBUG TestDispatcherServlet:524 - Using ThemeResolver [org.springframework.web.servlet.theme.FixedThemeResolver@29b24183]
2018-04-24 10:59:19 DEBUG TestDispatcherServlet:662 - Using RequestToViewNameTranslator [org.springframework.web.servlet.view.DefaultRequestToViewNameTranslator@20acdb2b]
2018-04-24 10:59:19 DEBUG TestDispatcherServlet:724 - Using FlashMapManager [org.springframework.web.servlet.support.SessionFlashMapManager@5cbabd80]
2018-04-24 10:59:19 DEBUG TestDispatcherServlet:540 - Published WebApplicationContext of servlet '' as ServletContext attribute with name [org.springframework.web.servlet.FrameworkServlet.CONTEXT.]
2018-04-24 10:59:19 INFO  TestDispatcherServlet:480 - FrameworkServlet '': initialization completed in 37 ms
2018-04-24 10:59:19 DEBUG TestDispatcherServlet:139 - Servlet '' configured successfully
2018-04-24 10:59:19 DEBUG TestDispatcherServlet:843 - DispatcherServlet with name '' processing GET request for [/login]
2018-04-24 10:59:19 DEBUG StandaloneMockMvcBuilder$StaticRequestMappingHandlerMapping:222 - Looking up handler method for path /login
2018-04-24 10:59:19 DEBUG StandaloneMockMvcBuilder$StaticRequestMappingHandlerMapping:229 - Returning handler method [public java.lang.String vistana.challenge.controller.LoginController.login(vistana.challenge.domain.SystemUser)]
2018-04-24 10:59:19 DEBUG TestDispatcherServlet:932 - Last-Modified value for [/login] is: -1
2018-04-24 10:59:19 DEBUG TestDispatcherServlet:1222 - Rendering view [org.springframework.web.servlet.view.JstlView: unnamed; URL [login]] in DispatcherServlet with name ''
2018-04-24 10:59:19 DEBUG JstlView:376 - Added model object 'newSystemUser' of type [vistana.challenge.domain.SystemUser] to request in view with name 'null'
2018-04-24 10:59:19 DEBUG JstlView:376 - Added model object 'org.springframework.validation.BindingResult.newSystemUser' of type [org.springframework.validation.BeanPropertyBindingResult] to request in view with name 'null'
2018-04-24 10:59:19 DEBUG JstlView:207 - Forwarding to resource [login] in InternalResourceView 'null'
2018-04-24 10:59:19 DEBUG MockRequestDispatcher:66 - MockRequestDispatcher: forwarding to [login]
2018-04-24 10:59:19 DEBUG TestDispatcherServlet:961 - Successfully completed request
]]></system-out>
  <system-err><![CDATA[]]></system-err>
</testsuite>
