<?xml version="1.0" encoding="UTF-8"?>
<testsuite name="vistana.challenge.dao.SystemUserDaoImplTest" tests="1" skipped="0" failures="0" errors="0" timestamp="2018-04-24T08:22:06" hostname="W7-PC0M6N1V" time="0.003">
  <properties/>
  <testcase name="testGetSecurityQuestions" classname="vistana.challenge.dao.SystemUserDaoImplTest" time="0.003"/>
  <system-out><![CDATA[]]></system-out>
  <system-err><![CDATA[]]></system-err>
</testsuite>
