<?xml version="1.0" encoding="UTF-8"?>
<testsuite name="vistana.challenge.service.SystemUserServiceImplTest" tests="3" skipped="0" failures="0" errors="0" timestamp="2018-04-24T08:22:06" hostname="W7-PC0M6N1V" time="0.028">
  <properties/>
  <testcase name="getRandomQuestions" classname="vistana.challenge.service.SystemUserServiceImplTest" time="0.023"/>
  <testcase name="getAllSecurityQuestions" classname="vistana.challenge.service.SystemUserServiceImplTest" time="0.003"/>
  <testcase name="getThreeSecurityQuestions" classname="vistana.challenge.service.SystemUserServiceImplTest" time="0.002"/>
  <system-out><![CDATA[2018-04-24 04:22:06 DEBUG SystemUserServiceImplTest:36 - Initalizing SystemUserServiceImplTest mocks
2018-04-24 04:22:06 DEBUG SystemUserServiceImplTest:46 - Mocks initialization completed.
2018-04-24 04:22:06 DEBUG SystemUserServiceImplTest:36 - Initalizing SystemUserServiceImplTest mocks
2018-04-24 04:22:06 DEBUG SystemUserServiceImplTest:46 - Mocks initialization completed.
2018-04-24 04:22:06 DEBUG SystemUserServiceImplTest:36 - Initalizing SystemUserServiceImplTest mocks
2018-04-24 04:22:06 DEBUG SystemUserServiceImplTest:46 - Mocks initialization completed.
]]></system-out>
  <system-err><![CDATA[]]></system-err>
</testsuite>
