<?xml version="1.0" encoding="UTF-8"?>
<testsuite name="vistana.challenge.controller.LoginControllerTest" tests="5" skipped="0" failures="0" errors="0" timestamp="2018-04-24T08:22:04" hostname="W7-PC0M6N1V" time="0.998">
  <properties/>
  <testcase name="resetAccount" classname="vistana.challenge.controller.LoginControllerTest" time="0.561"/>
  <testcase name="loginPost" classname="vistana.challenge.controller.LoginControllerTest" time="0.194"/>
  <testcase name="logout" classname="vistana.challenge.controller.LoginControllerTest" time="0.05"/>
  <testcase name="loginRequestQnsPost" classname="vistana.challenge.controller.LoginControllerTest" time="0.062"/>
  <testcase name="login" classname="vistana.challenge.controller.LoginControllerTest" time="0.1"/>
  <system-out><![CDATA[2018-04-24 04:22:04 DEBUG StandardEnvironment:112 - Initializing new StandardEnvironment
2018-04-24 04:22:04 DEBUG StandardEnvironment:110 - Adding [systemProperties] PropertySource with lowest search precedence
2018-04-24 04:22:04 DEBUG StandardEnvironment:110 - Adding [systemEnvironment] PropertySource with lowest search precedence
2018-04-24 04:22:04 DEBUG StandardEnvironment:116 - Initialized StandardEnvironment with PropertySources [systemProperties,systemEnvironment]
2018-04-24 04:22:04 INFO  StandaloneMockMvcBuilder$StaticRequestMappingHandlerMapping:181 - Mapped "{[/login-qns],methods=[GET],params=[],headers=[],consumes=[],produces=[],custom=[]}" onto public java.lang.String vistana.challenge.controller.LoginController.loginRequestQnsGET(javax.servlet.http.HttpSession,org.springframework.ui.Model,org.springframework.web.context.request.WebRequest)
2018-04-24 04:22:04 INFO  StandaloneMockMvcBuilder$StaticRequestMappingHandlerMapping:181 - Mapped "{[/login],methods=[POST],params=[],headers=[],consumes=[],produces=[],custom=[]}" onto public java.lang.String vistana.challenge.controller.LoginController.loginRequest(javax.servlet.http.HttpSession,org.springframework.ui.Model,org.springframework.web.context.request.WebRequest)
2018-04-24 04:22:04 INFO  StandaloneMockMvcBuilder$StaticRequestMappingHandlerMapping:181 - Mapped "{[/login],methods=[GET],params=[],headers=[],consumes=[],produces=[],custom=[]}" onto public java.lang.String vistana.challenge.controller.LoginController.login(vistana.challenge.domain.SystemUser)
2018-04-24 04:22:04 INFO  StandaloneMockMvcBuilder$StaticRequestMappingHandlerMapping:181 - Mapped "{[/logout],methods=[GET],params=[],headers=[],consumes=[],produces=[],custom=[]}" onto public java.lang.String vistana.challenge.controller.LoginController.logout(javax.servlet.http.HttpSession)
2018-04-24 04:22:04 INFO  StandaloneMockMvcBuilder$StaticRequestMappingHandlerMapping:181 - Mapped "{[/reset-account],methods=[GET],params=[],headers=[],consumes=[],produces=[],custom=[]}" onto public java.lang.String vistana.challenge.controller.LoginController.resetAccount(org.springframework.web.bind.support.SessionStatus)
2018-04-24 04:22:04 INFO  StandaloneMockMvcBuilder$StaticRequestMappingHandlerMapping:181 - Mapped "{[/login-qns],methods=[POST],params=[],headers=[],consumes=[],produces=[],custom=[]}" onto public java.lang.String vistana.challenge.controller.LoginController.loginRequestQns(javax.servlet.http.HttpSession,org.springframework.ui.Model,org.springframework.web.context.request.WebRequest)
2018-04-24 04:22:05 DEBUG RequestMappingHandlerAdapter:621 - Looking for controller advice: org.springframework.test.web.servlet.setup.StubWebApplicationContext@a81810e
2018-04-24 04:22:05 DEBUG TestDispatcherServlet:118 - Initializing servlet ''
2018-04-24 04:22:05 DEBUG StandardServletEnvironment:112 - Initializing new StandardServletEnvironment
2018-04-24 04:22:05 DEBUG StandardServletEnvironment:110 - Adding [servletConfigInitParams] PropertySource with lowest search precedence
2018-04-24 04:22:05 DEBUG StandardServletEnvironment:110 - Adding [servletContextInitParams] PropertySource with lowest search precedence
2018-04-24 04:22:05 DEBUG StandardServletEnvironment:110 - Adding [jndiProperties] PropertySource with lowest search precedence
2018-04-24 04:22:05 DEBUG StandardServletEnvironment:110 - Adding [systemProperties] PropertySource with lowest search precedence
2018-04-24 04:22:05 DEBUG StandardServletEnvironment:110 - Adding [systemEnvironment] PropertySource with lowest search precedence
2018-04-24 04:22:05 DEBUG StandardServletEnvironment:116 - Initialized StandardServletEnvironment with PropertySources [servletConfigInitParams,servletContextInitParams,jndiProperties,systemProperties,systemEnvironment]
2018-04-24 04:22:05 INFO  MockServletContext:390 - Initializing Spring FrameworkServlet ''
2018-04-24 04:22:05 INFO  TestDispatcherServlet:461 - FrameworkServlet '': initialization started
2018-04-24 04:22:05 DEBUG TestDispatcherServlet:487 - Unable to locate MultipartResolver with name 'multipartResolver': no multipart request handling provided
2018-04-24 04:22:05 DEBUG TestDispatcherServlet:502 - Using LocaleResolver [org.springframework.web.servlet.i18n.AcceptHeaderLocaleResolver@138f0c05]
2018-04-24 04:22:05 DEBUG TestDispatcherServlet:524 - Using ThemeResolver [org.springframework.web.servlet.theme.FixedThemeResolver@6132b8bf]
2018-04-24 04:22:05 DEBUG TestDispatcherServlet:662 - Using RequestToViewNameTranslator [org.springframework.web.servlet.view.DefaultRequestToViewNameTranslator@4157b81c]
2018-04-24 04:22:05 DEBUG TestDispatcherServlet:724 - Using FlashMapManager [org.springframework.web.servlet.support.SessionFlashMapManager@38c9cfce]
2018-04-24 04:22:05 DEBUG TestDispatcherServlet:540 - Published WebApplicationContext of servlet '' as ServletContext attribute with name [org.springframework.web.servlet.FrameworkServlet.CONTEXT.]
2018-04-24 04:22:05 INFO  TestDispatcherServlet:480 - FrameworkServlet '': initialization completed in 7 ms
2018-04-24 04:22:05 DEBUG TestDispatcherServlet:139 - Servlet '' configured successfully
2018-04-24 04:22:05 DEBUG TestDispatcherServlet:843 - DispatcherServlet with name '' processing GET request for [/reset-account]
2018-04-24 04:22:05 DEBUG StandaloneMockMvcBuilder$StaticRequestMappingHandlerMapping:222 - Looking up handler method for path /reset-account
2018-04-24 04:22:05 DEBUG StandaloneMockMvcBuilder$StaticRequestMappingHandlerMapping:229 - Returning handler method [public java.lang.String vistana.challenge.controller.LoginController.resetAccount(org.springframework.web.bind.support.SessionStatus)]
2018-04-24 04:22:05 DEBUG TestDispatcherServlet:932 - Last-Modified value for [/reset-account] is: -1
2018-04-24 04:22:05 DEBUG TestDispatcherServlet:1222 - Rendering view [org.springframework.web.servlet.view.JstlView: unnamed; URL [index]] in DispatcherServlet with name ''
2018-04-24 04:22:05 DEBUG JstlView:207 - Forwarding to resource [index] in InternalResourceView 'null'
2018-04-24 04:22:05 DEBUG MockRequestDispatcher:66 - MockRequestDispatcher: forwarding to [index]
2018-04-24 04:22:05 DEBUG TestDispatcherServlet:961 - Successfully completed request
2018-04-24 04:22:05 DEBUG StandardEnvironment:112 - Initializing new StandardEnvironment
2018-04-24 04:22:05 DEBUG StandardEnvironment:110 - Adding [systemProperties] PropertySource with lowest search precedence
2018-04-24 04:22:05 DEBUG StandardEnvironment:110 - Adding [systemEnvironment] PropertySource with lowest search precedence
2018-04-24 04:22:05 DEBUG StandardEnvironment:116 - Initialized StandardEnvironment with PropertySources [systemProperties,systemEnvironment]
2018-04-24 04:22:05 INFO  StandaloneMockMvcBuilder$StaticRequestMappingHandlerMapping:181 - Mapped "{[/login-qns],methods=[GET],params=[],headers=[],consumes=[],produces=[],custom=[]}" onto public java.lang.String vistana.challenge.controller.LoginController.loginRequestQnsGET(javax.servlet.http.HttpSession,org.springframework.ui.Model,org.springframework.web.context.request.WebRequest)
2018-04-24 04:22:05 INFO  StandaloneMockMvcBuilder$StaticRequestMappingHandlerMapping:181 - Mapped "{[/login],methods=[POST],params=[],headers=[],consumes=[],produces=[],custom=[]}" onto public java.lang.String vistana.challenge.controller.LoginController.loginRequest(javax.servlet.http.HttpSession,org.springframework.ui.Model,org.springframework.web.context.request.WebRequest)
2018-04-24 04:22:05 INFO  StandaloneMockMvcBuilder$StaticRequestMappingHandlerMapping:181 - Mapped "{[/login],methods=[GET],params=[],headers=[],consumes=[],produces=[],custom=[]}" onto public java.lang.String vistana.challenge.controller.LoginController.login(vistana.challenge.domain.SystemUser)
2018-04-24 04:22:05 INFO  StandaloneMockMvcBuilder$StaticRequestMappingHandlerMapping:181 - Mapped "{[/logout],methods=[GET],params=[],headers=[],consumes=[],produces=[],custom=[]}" onto public java.lang.String vistana.challenge.controller.LoginController.logout(javax.servlet.http.HttpSession)
2018-04-24 04:22:05 INFO  StandaloneMockMvcBuilder$StaticRequestMappingHandlerMapping:181 - Mapped "{[/reset-account],methods=[GET],params=[],headers=[],consumes=[],produces=[],custom=[]}" onto public java.lang.String vistana.challenge.controller.LoginController.resetAccount(org.springframework.web.bind.support.SessionStatus)
2018-04-24 04:22:05 INFO  StandaloneMockMvcBuilder$StaticRequestMappingHandlerMapping:181 - Mapped "{[/login-qns],methods=[POST],params=[],headers=[],consumes=[],produces=[],custom=[]}" onto public java.lang.String vistana.challenge.controller.LoginController.loginRequestQns(javax.servlet.http.HttpSession,org.springframework.ui.Model,org.springframework.web.context.request.WebRequest)
2018-04-24 04:22:05 DEBUG RequestMappingHandlerAdapter:621 - Looking for controller advice: org.springframework.test.web.servlet.setup.StubWebApplicationContext@204d1a5f
2018-04-24 04:22:05 DEBUG TestDispatcherServlet:118 - Initializing servlet ''
2018-04-24 04:22:05 DEBUG StandardServletEnvironment:112 - Initializing new StandardServletEnvironment
2018-04-24 04:22:05 DEBUG StandardServletEnvironment:110 - Adding [servletConfigInitParams] PropertySource with lowest search precedence
2018-04-24 04:22:05 DEBUG StandardServletEnvironment:110 - Adding [servletContextInitParams] PropertySource with lowest search precedence
2018-04-24 04:22:05 DEBUG StandardServletEnvironment:110 - Adding [jndiProperties] PropertySource with lowest search precedence
2018-04-24 04:22:05 DEBUG StandardServletEnvironment:110 - Adding [systemProperties] PropertySource with lowest search precedence
2018-04-24 04:22:05 DEBUG StandardServletEnvironment:110 - Adding [systemEnvironment] PropertySource with lowest search precedence
2018-04-24 04:22:05 DEBUG StandardServletEnvironment:116 - Initialized StandardServletEnvironment with PropertySources [servletConfigInitParams,servletContextInitParams,jndiProperties,systemProperties,systemEnvironment]
2018-04-24 04:22:05 INFO  MockServletContext:390 - Initializing Spring FrameworkServlet ''
2018-04-24 04:22:05 INFO  TestDispatcherServlet:461 - FrameworkServlet '': initialization started
2018-04-24 04:22:05 DEBUG TestDispatcherServlet:487 - Unable to locate MultipartResolver with name 'multipartResolver': no multipart request handling provided
2018-04-24 04:22:05 DEBUG TestDispatcherServlet:502 - Using LocaleResolver [org.springframework.web.servlet.i18n.AcceptHeaderLocaleResolver@199f3d40]
2018-04-24 04:22:05 DEBUG TestDispatcherServlet:524 - Using ThemeResolver [org.springframework.web.servlet.theme.FixedThemeResolver@4294b1b4]
2018-04-24 04:22:05 DEBUG TestDispatcherServlet:662 - Using RequestToViewNameTranslator [org.springframework.web.servlet.view.DefaultRequestToViewNameTranslator@5fd28b69]
2018-04-24 04:22:05 DEBUG TestDispatcherServlet:724 - Using FlashMapManager [org.springframework.web.servlet.support.SessionFlashMapManager@31428155]
2018-04-24 04:22:05 DEBUG TestDispatcherServlet:540 - Published WebApplicationContext of servlet '' as ServletContext attribute with name [org.springframework.web.servlet.FrameworkServlet.CONTEXT.]
2018-04-24 04:22:05 INFO  TestDispatcherServlet:480 - FrameworkServlet '': initialization completed in 3 ms
2018-04-24 04:22:05 DEBUG TestDispatcherServlet:139 - Servlet '' configured successfully
2018-04-24 04:22:05 DEBUG TestDispatcherServlet:843 - DispatcherServlet with name '' processing POST request for [/login]
2018-04-24 04:22:05 DEBUG StandaloneMockMvcBuilder$StaticRequestMappingHandlerMapping:222 - Looking up handler method for path /login
2018-04-24 04:22:05 DEBUG StandaloneMockMvcBuilder$StaticRequestMappingHandlerMapping:229 - Returning handler method [public java.lang.String vistana.challenge.controller.LoginController.loginRequest(javax.servlet.http.HttpSession,org.springframework.ui.Model,org.springframework.web.context.request.WebRequest)]
2018-04-24 04:22:05 DEBUG RequestResponseBodyMethodProcessor:150 - Written [no] as "text/plain;charset=ISO-8859-1" using [org.springframework.http.converter.StringHttpMessageConverter@40422f65]
2018-04-24 04:22:05 DEBUG TestDispatcherServlet:1019 - Null ModelAndView returned to DispatcherServlet with name '': assuming HandlerAdapter completed request handling
2018-04-24 04:22:05 DEBUG TestDispatcherServlet:961 - Successfully completed request
2018-04-24 04:22:05 DEBUG StandardEnvironment:112 - Initializing new StandardEnvironment
2018-04-24 04:22:05 DEBUG StandardEnvironment:110 - Adding [systemProperties] PropertySource with lowest search precedence
2018-04-24 04:22:05 DEBUG StandardEnvironment:110 - Adding [systemEnvironment] PropertySource with lowest search precedence
2018-04-24 04:22:05 DEBUG StandardEnvironment:116 - Initialized StandardEnvironment with PropertySources [systemProperties,systemEnvironment]
2018-04-24 04:22:05 INFO  StandaloneMockMvcBuilder$StaticRequestMappingHandlerMapping:181 - Mapped "{[/login-qns],methods=[GET],params=[],headers=[],consumes=[],produces=[],custom=[]}" onto public java.lang.String vistana.challenge.controller.LoginController.loginRequestQnsGET(javax.servlet.http.HttpSession,org.springframework.ui.Model,org.springframework.web.context.request.WebRequest)
2018-04-24 04:22:05 INFO  StandaloneMockMvcBuilder$StaticRequestMappingHandlerMapping:181 - Mapped "{[/login],methods=[POST],params=[],headers=[],consumes=[],produces=[],custom=[]}" onto public java.lang.String vistana.challenge.controller.LoginController.loginRequest(javax.servlet.http.HttpSession,org.springframework.ui.Model,org.springframework.web.context.request.WebRequest)
2018-04-24 04:22:05 INFO  StandaloneMockMvcBuilder$StaticRequestMappingHandlerMapping:181 - Mapped "{[/login],methods=[GET],params=[],headers=[],consumes=[],produces=[],custom=[]}" onto public java.lang.String vistana.challenge.controller.LoginController.login(vistana.challenge.domain.SystemUser)
2018-04-24 04:22:05 INFO  StandaloneMockMvcBuilder$StaticRequestMappingHandlerMapping:181 - Mapped "{[/logout],methods=[GET],params=[],headers=[],consumes=[],produces=[],custom=[]}" onto public java.lang.String vistana.challenge.controller.LoginController.logout(javax.servlet.http.HttpSession)
2018-04-24 04:22:05 INFO  StandaloneMockMvcBuilder$StaticRequestMappingHandlerMapping:181 - Mapped "{[/reset-account],methods=[GET],params=[],headers=[],consumes=[],produces=[],custom=[]}" onto public java.lang.String vistana.challenge.controller.LoginController.resetAccount(org.springframework.web.bind.support.SessionStatus)
2018-04-24 04:22:05 INFO  StandaloneMockMvcBuilder$StaticRequestMappingHandlerMapping:181 - Mapped "{[/login-qns],methods=[POST],params=[],headers=[],consumes=[],produces=[],custom=[]}" onto public java.lang.String vistana.challenge.controller.LoginController.loginRequestQns(javax.servlet.http.HttpSession,org.springframework.ui.Model,org.springframework.web.context.request.WebRequest)
2018-04-24 04:22:05 DEBUG RequestMappingHandlerAdapter:621 - Looking for controller advice: org.springframework.test.web.servlet.setup.StubWebApplicationContext@186738ed
2018-04-24 04:22:05 DEBUG TestDispatcherServlet:118 - Initializing servlet ''
2018-04-24 04:22:05 DEBUG StandardServletEnvironment:112 - Initializing new StandardServletEnvironment
2018-04-24 04:22:05 DEBUG StandardServletEnvironment:110 - Adding [servletConfigInitParams] PropertySource with lowest search precedence
2018-04-24 04:22:05 DEBUG StandardServletEnvironment:110 - Adding [servletContextInitParams] PropertySource with lowest search precedence
2018-04-24 04:22:05 DEBUG StandardServletEnvironment:110 - Adding [jndiProperties] PropertySource with lowest search precedence
2018-04-24 04:22:05 DEBUG StandardServletEnvironment:110 - Adding [systemProperties] PropertySource with lowest search precedence
2018-04-24 04:22:05 DEBUG StandardServletEnvironment:110 - Adding [systemEnvironment] PropertySource with lowest search precedence
2018-04-24 04:22:05 DEBUG StandardServletEnvironment:116 - Initialized StandardServletEnvironment with PropertySources [servletConfigInitParams,servletContextInitParams,jndiProperties,systemProperties,systemEnvironment]
2018-04-24 04:22:05 INFO  MockServletContext:390 - Initializing Spring FrameworkServlet ''
2018-04-24 04:22:05 INFO  TestDispatcherServlet:461 - FrameworkServlet '': initialization started
2018-04-24 04:22:05 DEBUG TestDispatcherServlet:487 - Unable to locate MultipartResolver with name 'multipartResolver': no multipart request handling provided
2018-04-24 04:22:05 DEBUG TestDispatcherServlet:502 - Using LocaleResolver [org.springframework.web.servlet.i18n.AcceptHeaderLocaleResolver@645b2579]
2018-04-24 04:22:05 DEBUG TestDispatcherServlet:524 - Using ThemeResolver [org.springframework.web.servlet.theme.FixedThemeResolver@455ac94f]
2018-04-24 04:22:05 DEBUG TestDispatcherServlet:662 - Using RequestToViewNameTranslator [org.springframework.web.servlet.view.DefaultRequestToViewNameTranslator@64afb1b6]
2018-04-24 04:22:05 DEBUG TestDispatcherServlet:724 - Using FlashMapManager [org.springframework.web.servlet.support.SessionFlashMapManager@495c86fb]
2018-04-24 04:22:05 DEBUG TestDispatcherServlet:540 - Published WebApplicationContext of servlet '' as ServletContext attribute with name [org.springframework.web.servlet.FrameworkServlet.CONTEXT.]
2018-04-24 04:22:05 INFO  TestDispatcherServlet:480 - FrameworkServlet '': initialization completed in 3 ms
2018-04-24 04:22:05 DEBUG TestDispatcherServlet:139 - Servlet '' configured successfully
2018-04-24 04:22:05 DEBUG TestDispatcherServlet:843 - DispatcherServlet with name '' processing GET request for [/logout]
2018-04-24 04:22:05 DEBUG StandaloneMockMvcBuilder$StaticRequestMappingHandlerMapping:222 - Looking up handler method for path /logout
2018-04-24 04:22:05 DEBUG StandaloneMockMvcBuilder$StaticRequestMappingHandlerMapping:229 - Returning handler method [public java.lang.String vistana.challenge.controller.LoginController.logout(javax.servlet.http.HttpSession)]
2018-04-24 04:22:05 DEBUG TestDispatcherServlet:932 - Last-Modified value for [/logout] is: -1
2018-04-24 04:22:05 DEBUG TestDispatcherServlet:1222 - Rendering view [org.springframework.web.servlet.view.JstlView: unnamed; URL [index]] in DispatcherServlet with name ''
2018-04-24 04:22:05 DEBUG JstlView:207 - Forwarding to resource [index] in InternalResourceView 'null'
2018-04-24 04:22:05 DEBUG MockRequestDispatcher:66 - MockRequestDispatcher: forwarding to [index]
2018-04-24 04:22:05 DEBUG TestDispatcherServlet:961 - Successfully completed request
2018-04-24 04:22:05 DEBUG StandardEnvironment:112 - Initializing new StandardEnvironment
2018-04-24 04:22:05 DEBUG StandardEnvironment:110 - Adding [systemProperties] PropertySource with lowest search precedence
2018-04-24 04:22:05 DEBUG StandardEnvironment:110 - Adding [systemEnvironment] PropertySource with lowest search precedence
2018-04-24 04:22:05 DEBUG StandardEnvironment:116 - Initialized StandardEnvironment with PropertySources [systemProperties,systemEnvironment]
2018-04-24 04:22:05 INFO  StandaloneMockMvcBuilder$StaticRequestMappingHandlerMapping:181 - Mapped "{[/login-qns],methods=[GET],params=[],headers=[],consumes=[],produces=[],custom=[]}" onto public java.lang.String vistana.challenge.controller.LoginController.loginRequestQnsGET(javax.servlet.http.HttpSession,org.springframework.ui.Model,org.springframework.web.context.request.WebRequest)
2018-04-24 04:22:05 INFO  StandaloneMockMvcBuilder$StaticRequestMappingHandlerMapping:181 - Mapped "{[/login],methods=[POST],params=[],headers=[],consumes=[],produces=[],custom=[]}" onto public java.lang.String vistana.challenge.controller.LoginController.loginRequest(javax.servlet.http.HttpSession,org.springframework.ui.Model,org.springframework.web.context.request.WebRequest)
2018-04-24 04:22:05 INFO  StandaloneMockMvcBuilder$StaticRequestMappingHandlerMapping:181 - Mapped "{[/login],methods=[GET],params=[],headers=[],consumes=[],produces=[],custom=[]}" onto public java.lang.String vistana.challenge.controller.LoginController.login(vistana.challenge.domain.SystemUser)
2018-04-24 04:22:05 INFO  StandaloneMockMvcBuilder$StaticRequestMappingHandlerMapping:181 - Mapped "{[/logout],methods=[GET],params=[],headers=[],consumes=[],produces=[],custom=[]}" onto public java.lang.String vistana.challenge.controller.LoginController.logout(javax.servlet.http.HttpSession)
2018-04-24 04:22:05 INFO  StandaloneMockMvcBuilder$StaticRequestMappingHandlerMapping:181 - Mapped "{[/reset-account],methods=[GET],params=[],headers=[],consumes=[],produces=[],custom=[]}" onto public java.lang.String vistana.challenge.controller.LoginController.resetAccount(org.springframework.web.bind.support.SessionStatus)
2018-04-24 04:22:05 INFO  StandaloneMockMvcBuilder$StaticRequestMappingHandlerMapping:181 - Mapped "{[/login-qns],methods=[POST],params=[],headers=[],consumes=[],produces=[],custom=[]}" onto public java.lang.String vistana.challenge.controller.LoginController.loginRequestQns(javax.servlet.http.HttpSession,org.springframework.ui.Model,org.springframework.web.context.request.WebRequest)
2018-04-24 04:22:05 DEBUG RequestMappingHandlerAdapter:621 - Looking for controller advice: org.springframework.test.web.servlet.setup.StubWebApplicationContext@74111244
2018-04-24 04:22:05 DEBUG TestDispatcherServlet:118 - Initializing servlet ''
2018-04-24 04:22:05 DEBUG StandardServletEnvironment:112 - Initializing new StandardServletEnvironment
2018-04-24 04:22:05 DEBUG StandardServletEnvironment:110 - Adding [servletConfigInitParams] PropertySource with lowest search precedence
2018-04-24 04:22:05 DEBUG StandardServletEnvironment:110 - Adding [servletContextInitParams] PropertySource with lowest search precedence
2018-04-24 04:22:05 DEBUG StandardServletEnvironment:110 - Adding [jndiProperties] PropertySource with lowest search precedence
2018-04-24 04:22:05 DEBUG StandardServletEnvironment:110 - Adding [systemProperties] PropertySource with lowest search precedence
2018-04-24 04:22:05 DEBUG StandardServletEnvironment:110 - Adding [systemEnvironment] PropertySource with lowest search precedence
2018-04-24 04:22:05 DEBUG StandardServletEnvironment:116 - Initialized StandardServletEnvironment with PropertySources [servletConfigInitParams,servletContextInitParams,jndiProperties,systemProperties,systemEnvironment]
2018-04-24 04:22:05 INFO  MockServletContext:390 - Initializing Spring FrameworkServlet ''
2018-04-24 04:22:05 INFO  TestDispatcherServlet:461 - FrameworkServlet '': initialization started
2018-04-24 04:22:05 DEBUG TestDispatcherServlet:487 - Unable to locate MultipartResolver with name 'multipartResolver': no multipart request handling provided
2018-04-24 04:22:05 DEBUG TestDispatcherServlet:502 - Using LocaleResolver [org.springframework.web.servlet.i18n.AcceptHeaderLocaleResolver@53efb81d]
2018-04-24 04:22:05 DEBUG TestDispatcherServlet:524 - Using ThemeResolver [org.springframework.web.servlet.theme.FixedThemeResolver@2f901316]
2018-04-24 04:22:05 DEBUG TestDispatcherServlet:662 - Using RequestToViewNameTranslator [org.springframework.web.servlet.view.DefaultRequestToViewNameTranslator@5d9910a1]
2018-04-24 04:22:05 DEBUG TestDispatcherServlet:724 - Using FlashMapManager [org.springframework.web.servlet.support.SessionFlashMapManager@6f914b05]
2018-04-24 04:22:05 DEBUG TestDispatcherServlet:540 - Published WebApplicationContext of servlet '' as ServletContext attribute with name [org.springframework.web.servlet.FrameworkServlet.CONTEXT.]
2018-04-24 04:22:05 INFO  TestDispatcherServlet:480 - FrameworkServlet '': initialization completed in 23 ms
2018-04-24 04:22:05 DEBUG TestDispatcherServlet:139 - Servlet '' configured successfully
2018-04-24 04:22:05 DEBUG TestDispatcherServlet:843 - DispatcherServlet with name '' processing POST request for [/login-qns]
2018-04-24 04:22:05 DEBUG StandaloneMockMvcBuilder$StaticRequestMappingHandlerMapping:222 - Looking up handler method for path /login-qns
2018-04-24 04:22:05 DEBUG StandaloneMockMvcBuilder$StaticRequestMappingHandlerMapping:229 - Returning handler method [public java.lang.String vistana.challenge.controller.LoginController.loginRequestQns(javax.servlet.http.HttpSession,org.springframework.ui.Model,org.springframework.web.context.request.WebRequest)]
2018-04-24 04:22:05 DEBUG TestDispatcherServlet:1222 - Rendering view [org.springframework.web.servlet.view.JstlView: unnamed; URL [login]] in DispatcherServlet with name ''
2018-04-24 04:22:05 DEBUG JstlView:376 - Added model object 'message' of type [java.lang.String] to request in view with name 'null'
2018-04-24 04:22:05 DEBUG JstlView:207 - Forwarding to resource [login] in InternalResourceView 'null'
2018-04-24 04:22:05 DEBUG MockRequestDispatcher:66 - MockRequestDispatcher: forwarding to [login]
2018-04-24 04:22:05 DEBUG TestDispatcherServlet:961 - Successfully completed request
2018-04-24 04:22:05 DEBUG StandardEnvironment:112 - Initializing new StandardEnvironment
2018-04-24 04:22:05 DEBUG StandardEnvironment:110 - Adding [systemProperties] PropertySource with lowest search precedence
2018-04-24 04:22:05 DEBUG StandardEnvironment:110 - Adding [systemEnvironment] PropertySource with lowest search precedence
2018-04-24 04:22:05 DEBUG StandardEnvironment:116 - Initialized StandardEnvironment with PropertySources [systemProperties,systemEnvironment]
2018-04-24 04:22:05 INFO  StandaloneMockMvcBuilder$StaticRequestMappingHandlerMapping:181 - Mapped "{[/login-qns],methods=[GET],params=[],headers=[],consumes=[],produces=[],custom=[]}" onto public java.lang.String vistana.challenge.controller.LoginController.loginRequestQnsGET(javax.servlet.http.HttpSession,org.springframework.ui.Model,org.springframework.web.context.request.WebRequest)
2018-04-24 04:22:05 INFO  StandaloneMockMvcBuilder$StaticRequestMappingHandlerMapping:181 - Mapped "{[/login],methods=[POST],params=[],headers=[],consumes=[],produces=[],custom=[]}" onto public java.lang.String vistana.challenge.controller.LoginController.loginRequest(javax.servlet.http.HttpSession,org.springframework.ui.Model,org.springframework.web.context.request.WebRequest)
2018-04-24 04:22:05 INFO  StandaloneMockMvcBuilder$StaticRequestMappingHandlerMapping:181 - Mapped "{[/login],methods=[GET],params=[],headers=[],consumes=[],produces=[],custom=[]}" onto public java.lang.String vistana.challenge.controller.LoginController.login(vistana.challenge.domain.SystemUser)
2018-04-24 04:22:05 INFO  StandaloneMockMvcBuilder$StaticRequestMappingHandlerMapping:181 - Mapped "{[/logout],methods=[GET],params=[],headers=[],consumes=[],produces=[],custom=[]}" onto public java.lang.String vistana.challenge.controller.LoginController.logout(javax.servlet.http.HttpSession)
2018-04-24 04:22:05 INFO  StandaloneMockMvcBuilder$StaticRequestMappingHandlerMapping:181 - Mapped "{[/reset-account],methods=[GET],params=[],headers=[],consumes=[],produces=[],custom=[]}" onto public java.lang.String vistana.challenge.controller.LoginController.resetAccount(org.springframework.web.bind.support.SessionStatus)
2018-04-24 04:22:05 INFO  StandaloneMockMvcBuilder$StaticRequestMappingHandlerMapping:181 - Mapped "{[/login-qns],methods=[POST],params=[],headers=[],consumes=[],produces=[],custom=[]}" onto public java.lang.String vistana.challenge.controller.LoginController.loginRequestQns(javax.servlet.http.HttpSession,org.springframework.ui.Model,org.springframework.web.context.request.WebRequest)
2018-04-24 04:22:05 DEBUG RequestMappingHandlerAdapter:621 - Looking for controller advice: org.springframework.test.web.servlet.setup.StubWebApplicationContext@411039ba
2018-04-24 04:22:05 DEBUG TestDispatcherServlet:118 - Initializing servlet ''
2018-04-24 04:22:05 DEBUG StandardServletEnvironment:112 - Initializing new StandardServletEnvironment
2018-04-24 04:22:05 DEBUG StandardServletEnvironment:110 - Adding [servletConfigInitParams] PropertySource with lowest search precedence
2018-04-24 04:22:05 DEBUG StandardServletEnvironment:110 - Adding [servletContextInitParams] PropertySource with lowest search precedence
2018-04-24 04:22:05 DEBUG StandardServletEnvironment:110 - Adding [jndiProperties] PropertySource with lowest search precedence
2018-04-24 04:22:05 DEBUG StandardServletEnvironment:110 - Adding [systemProperties] PropertySource with lowest search precedence
2018-04-24 04:22:05 DEBUG StandardServletEnvironment:110 - Adding [systemEnvironment] PropertySource with lowest search precedence
2018-04-24 04:22:05 DEBUG StandardServletEnvironment:116 - Initialized StandardServletEnvironment with PropertySources [servletConfigInitParams,servletContextInitParams,jndiProperties,systemProperties,systemEnvironment]
2018-04-24 04:22:05 INFO  MockServletContext:390 - Initializing Spring FrameworkServlet ''
2018-04-24 04:22:05 INFO  TestDispatcherServlet:461 - FrameworkServlet '': initialization started
2018-04-24 04:22:05 DEBUG TestDispatcherServlet:487 - Unable to locate MultipartResolver with name 'multipartResolver': no multipart request handling provided
2018-04-24 04:22:05 DEBUG TestDispatcherServlet:502 - Using LocaleResolver [org.springframework.web.servlet.i18n.AcceptHeaderLocaleResolver@1e123643]
2018-04-24 04:22:05 DEBUG TestDispatcherServlet:524 - Using ThemeResolver [org.springframework.web.servlet.theme.FixedThemeResolver@5e8f01d2]
2018-04-24 04:22:05 DEBUG TestDispatcherServlet:662 - Using RequestToViewNameTranslator [org.springframework.web.servlet.view.DefaultRequestToViewNameTranslator@cbb0ecc]
2018-04-24 04:22:05 DEBUG TestDispatcherServlet:724 - Using FlashMapManager [org.springframework.web.servlet.support.SessionFlashMapManager@390a88a]
2018-04-24 04:22:05 DEBUG TestDispatcherServlet:540 - Published WebApplicationContext of servlet '' as ServletContext attribute with name [org.springframework.web.servlet.FrameworkServlet.CONTEXT.]
2018-04-24 04:22:05 INFO  TestDispatcherServlet:480 - FrameworkServlet '': initialization completed in 3 ms
2018-04-24 04:22:05 DEBUG TestDispatcherServlet:139 - Servlet '' configured successfully
2018-04-24 04:22:05 DEBUG TestDispatcherServlet:843 - DispatcherServlet with name '' processing GET request for [/login]
2018-04-24 04:22:05 DEBUG StandaloneMockMvcBuilder$StaticRequestMappingHandlerMapping:222 - Looking up handler method for path /login
2018-04-24 04:22:05 DEBUG StandaloneMockMvcBuilder$StaticRequestMappingHandlerMapping:229 - Returning handler method [public java.lang.String vistana.challenge.controller.LoginController.login(vistana.challenge.domain.SystemUser)]
2018-04-24 04:22:05 DEBUG TestDispatcherServlet:932 - Last-Modified value for [/login] is: -1
2018-04-24 04:22:05 DEBUG TestDispatcherServlet:1222 - Rendering view [org.springframework.web.servlet.view.JstlView: unnamed; URL [login]] in DispatcherServlet with name ''
2018-04-24 04:22:05 DEBUG JstlView:376 - Added model object 'newSystemUser' of type [vistana.challenge.domain.SystemUser] to request in view with name 'null'
2018-04-24 04:22:05 DEBUG JstlView:376 - Added model object 'org.springframework.validation.BindingResult.newSystemUser' of type [org.springframework.validation.BeanPropertyBindingResult] to request in view with name 'null'
2018-04-24 04:22:05 DEBUG JstlView:207 - Forwarding to resource [login] in InternalResourceView 'null'
2018-04-24 04:22:05 DEBUG MockRequestDispatcher:66 - MockRequestDispatcher: forwarding to [login]
2018-04-24 04:22:05 DEBUG TestDispatcherServlet:961 - Successfully completed request
]]></system-out>
  <system-err><![CDATA[]]></system-err>
</testsuite>
